2025-12-11 18:53:16.892 [info] Getting Manifest... ms-python.python
2025-12-11 18:53:16.993 [info] Installing extension: ms-python.python {"isMachineScoped":false,"installPreReleaseVersion":false,"pinned":false,"profileLocation":{"$mid":1,"external":"vscode-userdata:/home/adrish/.vscode/extensions/extensions.json","path":"/home/adrish/.vscode/extensions/extensions.json","scheme":"vscode-userdata"},"isApplicationScoped":false,"productVersion":{"version":"1.107.0","date":"2025-12-10T07:43:47.883Z"}}
2025-12-11 18:53:18.487 [info] Getting Manifest... ms-python.debugpy
2025-12-11 18:53:18.507 [info] Getting Manifest... ms-python.vscode-python-envs
2025-12-11 18:53:18.527 [info] Getting Manifest... ms-python.vscode-pylance
2025-12-11 18:53:18.557 [info] Installing extension: ms-python.debugpy {"isMachineScoped":false,"installPreReleaseVersion":false,"pinned":false,"profileLocation":{"$mid":1,"external":"vscode-userdata:/home/adrish/.vscode/extensions/extensions.json","path":"/home/adrish/.vscode/extensions/extensions.json","scheme":"vscode-userdata"},"isApplicationScoped":false,"productVersion":{"version":"1.107.0","date":"2025-12-10T07:43:47.883Z"},"installGivenVersion":false,"context":{"dependecyOrPackExtensionInstall":true}}
2025-12-11 18:53:18.557 [info] Installing extension: ms-python.vscode-python-envs {"isMachineScoped":false,"installPreReleaseVersion":false,"pinned":false,"profileLocation":{"$mid":1,"external":"vscode-userdata:/home/adrish/.vscode/extensions/extensions.json","path":"/home/adrish/.vscode/extensions/extensions.json","scheme":"vscode-userdata"},"isApplicationScoped":false,"productVersion":{"version":"1.107.0","date":"2025-12-10T07:43:47.883Z"},"installGivenVersion":false,"context":{"dependecyOrPackExtensionInstall":true}}
2025-12-11 18:53:18.557 [info] Installing extension: ms-python.vscode-pylance {"isMachineScoped":false,"installPreReleaseVersion":false,"pinned":false,"profileLocation":{"$mid":1,"external":"vscode-userdata:/home/adrish/.vscode/extensions/extensions.json","path":"/home/adrish/.vscode/extensions/extensions.json","scheme":"vscode-userdata"},"isApplicationScoped":false,"productVersion":{"version":"1.107.0","date":"2025-12-10T07:43:47.883Z"},"installGivenVersion":false,"context":{"dependecyOrPackExtensionInstall":true}}
2025-12-11 18:53:36.157 [info] Extension signature verification result for ms-python.vscode-python-envs: Success. Internal Code: 0. Executed: true. Duration: 4278ms.
2025-12-11 18:53:36.373 [info] Extension signature verification result for ms-python.debugpy: Success. Internal Code: 0. Executed: true. Duration: 3137ms.
2025-12-11 18:53:36.761 [info] Extracted extension to file:///home/adrish/.vscode/extensions/ms-python.vscode-python-envs-1.12.0-linux-x64: ms-python.vscode-python-envs
2025-12-11 18:53:36.778 [info] Renamed to /home/adrish/.vscode/extensions/ms-python.vscode-python-envs-1.12.0-linux-x64
2025-12-11 18:53:37.561 [info] Extracted extension to file:///home/adrish/.vscode/extensions/ms-python.debugpy-2025.16.0-linux-x64: ms-python.debugpy
2025-12-11 18:53:37.605 [info] Renamed to /home/adrish/.vscode/extensions/ms-python.debugpy-2025.16.0-linux-x64
2025-12-11 18:53:40.022 [info] Extension signature verification result for ms-python.python: Success. Internal Code: 0. Executed: true. Duration: 1645ms.
2025-12-11 18:53:43.517 [info] Extracted extension to file:///home/adrish/.vscode/extensions/ms-python.python-2025.20.0-linux-x64: ms-python.python
2025-12-11 18:53:43.746 [info] Renamed to /home/adrish/.vscode/extensions/ms-python.python-2025.20.0-linux-x64
2025-12-11 18:53:47.563 [info] Extension signature verification result for ms-python.vscode-pylance: Success. Internal Code: 0. Executed: true. Duration: 1754ms.
2025-12-11 18:53:57.467 [info] Extracted extension to file:///home/adrish/.vscode/extensions/ms-python.vscode-pylance-2025.10.4: ms-python.vscode-pylance
2025-12-11 18:53:58.148 [info] Renamed to /home/adrish/.vscode/extensions/ms-python.vscode-pylance-2025.10.4
2025-12-11 18:53:58.192 [info] Extension installed successfully: ms-python.vscode-python-envs vscode-userdata:/home/adrish/.vscode/extensions/extensions.json
2025-12-11 18:53:58.192 [info] Extension installed successfully: ms-python.debugpy vscode-userdata:/home/adrish/.vscode/extensions/extensions.json
2025-12-11 18:53:58.192 [info] Extension installed successfully: ms-python.python vscode-userdata:/home/adrish/.vscode/extensions/extensions.json
2025-12-11 18:53:58.193 [info] Extension installed successfully: ms-python.vscode-pylance vscode-userdata:/home/adrish/.vscode/extensions/extensions.json
