2025-12-12 14:57:39.798 [info] Extension host with pid 4031 started
2025-12-12 14:57:39.799 [info] Skipping acquiring lock for /home/adrish/.config/Code/User/workspaceStorage/b53a51f476b8908e3612fd1730edb7ae.
2025-12-12 14:57:40.137 [info] ExtensionService#_doActivateExtension vscode.github-authentication, startup: false, activationEvent: 'onAuthenticationRequest:github'
2025-12-12 14:57:40.223 [info] ExtensionService#_doActivateExtension vscode.emmet, startup: false, activationEvent: 'onLanguage'
2025-12-12 14:57:40.528 [info] ExtensionService#_doActivateExtension vscode.terminal-suggest, startup: false, activationEvent: 'onTerminalShellIntegration:*'
2025-12-12 14:57:40.859 [info] ExtensionService#_doActivateExtension ms-python.python, startup: false, activationEvent: 'onLanguage:python', root cause: ms-python.debugpy
2025-12-12 14:57:41.657 [info] ExtensionService#_doActivateExtension ms-python.vscode-pylance, startup: false, activationEvent: 'onLanguage:python'
2025-12-12 14:57:43.159 [info] ExtensionService#_doActivateExtension ms-python.vscode-python-envs, startup: false, activationEvent: 'onLanguage:python'
2025-12-12 14:57:43.307 [info] ExtensionService#_doActivateExtension vscode.git-base, startup: true, activationEvent: '*', root cause: vscode.git
2025-12-12 14:57:43.745 [info] ExtensionService#_doActivateExtension vscode.git, startup: true, activationEvent: '*'
2025-12-12 14:57:44.022 [info] ExtensionService#_doActivateExtension vscode.github, startup: true, activationEvent: '*'
2025-12-12 14:57:44.602 [info] Eager extensions activated
2025-12-12 14:57:44.725 [info] ExtensionService#_doActivateExtension vscode.debug-auto-launch, startup: false, activationEvent: 'onStartupFinished'
2025-12-12 14:57:44.730 [info] ExtensionService#_doActivateExtension vscode.merge-conflict, startup: false, activationEvent: 'onStartupFinished'
2025-12-12 14:57:44.837 [info] ExtensionService#_doActivateExtension ms-python.debugpy, startup: false, activationEvent: 'onLanguage:python'
2025-12-12 14:57:50.820 [warning] DiagnosticCollection with name 'Pylance' does already exist.
2025-12-12 14:57:50.913 [warning] DiagnosticCollection with name 'Pylance' does already exist.
2025-12-12 14:57:52.107 [error] Error: illegal state - object is disposed
	at TN.j (file:///opt/visual-studio-code/resources/app/out/vs/workbench/api/node/extensionHostProcess.js:144:112488)
	at TN.delete (file:///opt/visual-studio-code/resources/app/out/vs/workbench/api/node/extensionHostProcess.js:144:112006)
	at p.forgetDocument (/home/adrish/.vscode/extensions/ms-python.vscode-pylance-2025.10.4/dist/vendor.bundle.js:2:1862240)
	at y.cleanUpDocument (/home/adrish/.vscode/extensions/ms-python.vscode-pylance-2025.10.4/dist/vendor.bundle.js:2:1872440)
	at _d.value (/home/adrish/.vscode/extensions/ms-python.vscode-pylance-2025.10.4/dist/vendor.bundle.js:2:1871740)
	at I.C (file:///opt/visual-studio-code/resources/app/out/vs/workbench/api/node/extensionHostProcess.js:27:2328)
	at I.D (file:///opt/visual-studio-code/resources/app/out/vs/workbench/api/node/extensionHostProcess.js:27:2398)
	at I.fire (file:///opt/visual-studio-code/resources/app/out/vs/workbench/api/node/extensionHostProcess.js:27:2615)
	at _d.e [as value] (/home/adrish/.vscode/extensions/ms-python.vscode-pylance-2025.10.4/dist/vendor.bundle.js:2:685535)
	at I.C (file:///opt/visual-studio-code/resources/app/out/vs/workbench/api/node/extensionHostProcess.js:27:2328)
	at I.fire (file:///opt/visual-studio-code/resources/app/out/vs/workbench/api/node/extensionHostProcess.js:27:2546)
	at a4.$acceptTabOperation (file:///opt/visual-studio-code/resources/app/out/vs/workbench/api/node/extensionHostProcess.js:125:25037)
	at l5.S (file:///opt/visual-studio-code/resources/app/out/vs/workbench/api/node/extensionHostProcess.js:29:125043)
	at l5.Q (file:///opt/visual-studio-code/resources/app/out/vs/workbench/api/node/extensionHostProcess.js:29:124823)
	at l5.M (file:///opt/visual-studio-code/resources/app/out/vs/workbench/api/node/extensionHostProcess.js:29:123912)
	at l5.L (file:///opt/visual-studio-code/resources/app/out/vs/workbench/api/node/extensionHostProcess.js:29:123017)
	at _d.value (file:///opt/visual-studio-code/resources/app/out/vs/workbench/api/node/extensionHostProcess.js:29:121814)
	at I.C (file:///opt/visual-studio-code/resources/app/out/vs/workbench/api/node/extensionHostProcess.js:27:2328)
	at I.fire (file:///opt/visual-studio-code/resources/app/out/vs/workbench/api/node/extensionHostProcess.js:27:2546)
	at Vo.fire (file:///opt/visual-studio-code/resources/app/out/vs/workbench/api/node/extensionHostProcess.js:29:9454)
	at _d.value (file:///opt/visual-studio-code/resources/app/out/vs/workbench/api/node/extensionHostProcess.js:404:9330)
	at I.C (file:///opt/visual-studio-code/resources/app/out/vs/workbench/api/node/extensionHostProcess.js:27:2328)
	at I.fire (file:///opt/visual-studio-code/resources/app/out/vs/workbench/api/node/extensionHostProcess.js:27:2546)
	at Vo.fire (file:///opt/visual-studio-code/resources/app/out/vs/workbench/api/node/extensionHostProcess.js:29:9454)
	at MessagePortMain.<anonymous> (file:///opt/visual-studio-code/resources/app/out/vs/workbench/api/node/extensionHostProcess.js:404:7564)
	at MessagePortMain.emit (node:events:519:28)
	at MessagePortMain._internalPort.emit (node:electron/js2c/utility_init:2:2949)
2025-12-12 14:57:52.118 [error] Error: illegal state - object is disposed
	at TN.j (file:///opt/visual-studio-code/resources/app/out/vs/workbench/api/node/extensionHostProcess.js:144:112488)
	at TN.delete (file:///opt/visual-studio-code/resources/app/out/vs/workbench/api/node/extensionHostProcess.js:144:112006)
	at p.forgetDocument (/home/adrish/.vscode/extensions/ms-python.vscode-pylance-2025.10.4/dist/vendor.bundle.js:2:1862240)
	at y.cleanUpDocument (/home/adrish/.vscode/extensions/ms-python.vscode-pylance-2025.10.4/dist/vendor.bundle.js:2:1872440)
	at _d.value (/home/adrish/.vscode/extensions/ms-python.vscode-pylance-2025.10.4/dist/vendor.bundle.js:2:1871740)
	at I.C (file:///opt/visual-studio-code/resources/app/out/vs/workbench/api/node/extensionHostProcess.js:27:2328)
	at I.D (file:///opt/visual-studio-code/resources/app/out/vs/workbench/api/node/extensionHostProcess.js:27:2398)
	at I.fire (file:///opt/visual-studio-code/resources/app/out/vs/workbench/api/node/extensionHostProcess.js:27:2615)
	at _d.e [as value] (/home/adrish/.vscode/extensions/ms-python.vscode-pylance-2025.10.4/dist/vendor.bundle.js:2:685535)
	at I.C (file:///opt/visual-studio-code/resources/app/out/vs/workbench/api/node/extensionHostProcess.js:27:2328)
	at I.fire (file:///opt/visual-studio-code/resources/app/out/vs/workbench/api/node/extensionHostProcess.js:27:2546)
	at a4.$acceptTabOperation (file:///opt/visual-studio-code/resources/app/out/vs/workbench/api/node/extensionHostProcess.js:125:25037)
	at l5.S (file:///opt/visual-studio-code/resources/app/out/vs/workbench/api/node/extensionHostProcess.js:29:125043)
	at l5.Q (file:///opt/visual-studio-code/resources/app/out/vs/workbench/api/node/extensionHostProcess.js:29:124823)
	at l5.M (file:///opt/visual-studio-code/resources/app/out/vs/workbench/api/node/extensionHostProcess.js:29:123912)
	at l5.L (file:///opt/visual-studio-code/resources/app/out/vs/workbench/api/node/extensionHostProcess.js:29:123017)
	at _d.value (file:///opt/visual-studio-code/resources/app/out/vs/workbench/api/node/extensionHostProcess.js:29:121814)
	at I.C (file:///opt/visual-studio-code/resources/app/out/vs/workbench/api/node/extensionHostProcess.js:27:2328)
	at I.fire (file:///opt/visual-studio-code/resources/app/out/vs/workbench/api/node/extensionHostProcess.js:27:2546)
	at Vo.fire (file:///opt/visual-studio-code/resources/app/out/vs/workbench/api/node/extensionHostProcess.js:29:9454)
	at _d.value (file:///opt/visual-studio-code/resources/app/out/vs/workbench/api/node/extensionHostProcess.js:404:9330)
	at I.C (file:///opt/visual-studio-code/resources/app/out/vs/workbench/api/node/extensionHostProcess.js:27:2328)
	at I.fire (file:///opt/visual-studio-code/resources/app/out/vs/workbench/api/node/extensionHostProcess.js:27:2546)
	at Vo.fire (file:///opt/visual-studio-code/resources/app/out/vs/workbench/api/node/extensionHostProcess.js:29:9454)
	at MessagePortMain.<anonymous> (file:///opt/visual-studio-code/resources/app/out/vs/workbench/api/node/extensionHostProcess.js:404:7564)
	at MessagePortMain.emit (node:events:519:28)
	at MessagePortMain._internalPort.emit (node:electron/js2c/utility_init:2:2949)
2025-12-12 14:58:36.443 [info] Extension host terminating: renderer closed the MessagePort
2025-12-12 14:58:36.527 [error] TypeError: Cannot read properties of undefined (reading 'subscriptions')
	at Object.G [as deactivate] (/home/adrish/.vscode/extensions/ms-python.vscode-python-envs-1.12.0-linux-x64/dist/extension.js:2:681672)
	at HX.eb (file:///opt/visual-studio-code/resources/app/out/vs/workbench/api/node/extensionHostProcess.js:120:11850)
	at file:///opt/visual-studio-code/resources/app/out/vs/workbench/api/node/extensionHostProcess.js:120:10000
	at Array.map (<anonymous>)
	at HX.$ (file:///opt/visual-studio-code/resources/app/out/vs/workbench/api/node/extensionHostProcess.js:120:9988)
	at HX.terminate (file:///opt/visual-studio-code/resources/app/out/vs/workbench/api/node/extensionHostProcess.js:120:10231)
	at yN.terminate (file:///opt/visual-studio-code/resources/app/out/vs/workbench/api/node/extensionHostProcess.js:122:914)
	at Us (file:///opt/visual-studio-code/resources/app/out/vs/workbench/api/node/extensionHostProcess.js:404:11129)
	at MessagePortMain.<anonymous> (file:///opt/visual-studio-code/resources/app/out/vs/workbench/api/node/extensionHostProcess.js:404:7604)
	at MessagePortMain.emit (node:events:519:28)
	at MessagePortMain._internalPort.emit (node:electron/js2c/utility_init:2:2949)
2025-12-12 14:58:36.529 [info] Extension host with pid 4031 exiting with code 0
