2025-12-11 19:09:09.903 [info] Reading sessions from keychain...
2025-12-11 19:09:09.903 [info] Getting sessions for all scopes...
2025-12-11 19:09:09.903 [info] Got 0 sessions for ...
2025-12-11 19:09:09.903 [info] Getting sessions for all scopes...
2025-12-11 19:09:09.903 [info] Got 0 sessions for ...
2025-12-11 19:09:09.903 [info] Getting sessions for all scopes...
2025-12-11 19:09:09.903 [info] Got 0 sessions for ...
2025-12-11 19:09:09.903 [info] Getting sessions for all scopes...
2025-12-11 19:09:09.903 [info] Got 0 sessions for ...
2025-12-11 19:09:09.903 [info] Getting sessions for all scopes...
2025-12-11 19:09:09.903 [info] Got 0 sessions for ...
2025-12-11 19:09:09.903 [info] Getting sessions for all scopes...
2025-12-11 19:09:09.903 [info] Got 0 sessions for ...
2025-12-11 19:09:09.903 [info] Getting sessions for all scopes...
2025-12-11 19:09:09.903 [info] Got 0 sessions for ...
2025-12-11 19:09:09.903 [info] Getting sessions for all scopes...
2025-12-11 19:09:09.903 [info] Got 0 sessions for ...
2025-12-11 19:09:09.903 [info] Getting sessions for all scopes...
2025-12-11 19:09:09.903 [info] Got 0 sessions for ...
2025-12-11 19:09:09.903 [info] Getting sessions for all scopes...
2025-12-11 19:09:09.903 [info] Got 0 sessions for ...
2025-12-11 19:09:09.985 [info] Getting sessions for all scopes...
2025-12-11 19:09:09.985 [info] Got 0 sessions for ...
2025-12-11 19:09:09.991 [info] Getting sessions for all scopes...
2025-12-11 19:09:09.991 [info] Got 0 sessions for ...
2025-12-11 19:09:10.004 [info] Getting sessions for all scopes...
2025-12-11 19:09:10.005 [info] Got 0 sessions for ...
2025-12-11 19:09:10.005 [info] Getting sessions for all scopes...
2025-12-11 19:09:10.005 [info] Got 0 sessions for ...
2025-12-11 19:09:10.009 [info] Getting sessions for all scopes...
2025-12-11 19:09:10.009 [info] Got 0 sessions for ...
2025-12-11 19:09:10.014 [info] Getting sessions for all scopes...
2025-12-11 19:09:10.014 [info] Got 0 sessions for ...
2025-12-11 19:09:11.396 [info] Getting sessions for all scopes...
2025-12-11 19:09:11.396 [info] Got 0 sessions for ...
2025-12-11 19:28:10.951 [info] Logging in with google,  'any' account...
2025-12-11 19:28:10.951 [info] Logging in for the following scopes: read:user repo user:email workflow
2025-12-11 19:28:10.999 [info] Trying with local server... (read:user repo user:email workflow)
2025-12-11 19:28:17.925 [error] User Cancelled
